<?xml version="1.0" encoding="UTF-8"?>
<!-- Generated by org.testng.reporters.JUnitReportReporter -->
<testsuite ignored="0" hostname="DESKTOP-56SFMNF" failures="0" tests="1" name="pruebang.SelTest" time="6.843" errors="0" timestamp="20 abr 2024 16:47:45 GMT" skipped="0">
  <testcase classname="pruebang.SelTest" name="testo1" time="6.843"/>
</testsuite> <!-- pruebang.SelTest -->
